<?xml version="1.0" encoding="UTF-8"?>
<testsuite xmlns:xsi="http://www.w3.org/2001/XMLSchema-instance" xsi:noNamespaceSchemaLocation="https://maven.apache.org/surefire/maven-surefire-plugin/xsd/surefire-test-report-3.0.xsd" version="3.0" name="TestSuite" time="541.145" tests="10" errors="0" skipped="0" failures="0">
  <properties>
    <property name="java.specification.version" value="17"/>
    <property name="webdriver.chrome.driver" value="C:\Users\ADMIN\Documents\driver\chromedriver-win64\chromedriver.exe"/>
    <property name="sun.cpu.isalist" value="amd64"/>
    <property name="sun.jnu.encoding" value="Cp1252"/>
    <property name="java.class.path" value="C:\Users\ADMIN\eclipse-workspace-axisqa\XYZBank\target\test-classes;C:\Users\ADMIN\eclipse-workspace-axisqa\XYZBank\target\classes;C:\Users\ADMIN\.m2\repository\junit\junit\4.11\junit-4.11.jar;C:\Users\ADMIN\.m2\repository\org\hamcrest\hamcrest-core\1.3\hamcrest-core-1.3.jar;C:\Users\ADMIN\.m2\repository\org\seleniumhq\selenium\selenium-java\3.14.0\selenium-java-3.14.0.jar;C:\Users\ADMIN\.m2\repository\org\seleniumhq\selenium\selenium-api\3.14.0\selenium-api-3.14.0.jar;C:\Users\ADMIN\.m2\repository\org\seleniumhq\selenium\selenium-chrome-driver\3.14.0\selenium-chrome-driver-3.14.0.jar;C:\Users\ADMIN\.m2\repository\org\seleniumhq\selenium\selenium-edge-driver\3.14.0\selenium-edge-driver-3.14.0.jar;C:\Users\ADMIN\.m2\repository\org\seleniumhq\selenium\selenium-firefox-driver\3.14.0\selenium-firefox-driver-3.14.0.jar;C:\Users\ADMIN\.m2\repository\org\seleniumhq\selenium\selenium-ie-driver\3.14.0\selenium-ie-driver-3.14.0.jar;C:\Users\ADMIN\.m2\repository\org\seleniumhq\selenium\selenium-opera-driver\3.14.0\selenium-opera-driver-3.14.0.jar;C:\Users\ADMIN\.m2\repository\org\seleniumhq\selenium\selenium-remote-driver\3.14.0\selenium-remote-driver-3.14.0.jar;C:\Users\ADMIN\.m2\repository\org\seleniumhq\selenium\selenium-safari-driver\3.14.0\selenium-safari-driver-3.14.0.jar;C:\Users\ADMIN\.m2\repository\org\seleniumhq\selenium\selenium-support\3.14.0\selenium-support-3.14.0.jar;C:\Users\ADMIN\.m2\repository\net\bytebuddy\byte-buddy\1.8.15\byte-buddy-1.8.15.jar;C:\Users\ADMIN\.m2\repository\org\apache\commons\commons-exec\1.3\commons-exec-1.3.jar;C:\Users\ADMIN\.m2\repository\commons-codec\commons-codec\1.10\commons-codec-1.10.jar;C:\Users\ADMIN\.m2\repository\commons-logging\commons-logging\1.2\commons-logging-1.2.jar;C:\Users\ADMIN\.m2\repository\com\google\guava\guava\25.0-jre\guava-25.0-jre.jar;C:\Users\ADMIN\.m2\repository\com\google\code\findbugs\jsr305\1.3.9\jsr305-1.3.9.jar;C:\Users\ADMIN\.m2\repository\org\checkerframework\checker-compat-qual\2.0.0\checker-compat-qual-2.0.0.jar;C:\Users\ADMIN\.m2\repository\com\google\errorprone\error_prone_annotations\2.1.3\error_prone_annotations-2.1.3.jar;C:\Users\ADMIN\.m2\repository\com\google\j2objc\j2objc-annotations\1.1\j2objc-annotations-1.1.jar;C:\Users\ADMIN\.m2\repository\org\codehaus\mojo\animal-sniffer-annotations\1.14\animal-sniffer-annotations-1.14.jar;C:\Users\ADMIN\.m2\repository\org\apache\httpcomponents\httpclient\4.5.5\httpclient-4.5.5.jar;C:\Users\ADMIN\.m2\repository\org\apache\httpcomponents\httpcore\4.4.9\httpcore-4.4.9.jar;C:\Users\ADMIN\.m2\repository\com\squareup\okhttp3\okhttp\3.10.0\okhttp-3.10.0.jar;C:\Users\ADMIN\.m2\repository\com\squareup\okio\okio\1.14.1\okio-1.14.1.jar;C:\Users\ADMIN\.m2\repository\org\testng\testng\6.11\testng-6.11.jar;C:\Users\ADMIN\.m2\repository\com\beust\jcommander\1.64\jcommander-1.64.jar;C:\Users\ADMIN\.m2\repository\org\yaml\snakeyaml\1.17\snakeyaml-1.17.jar;C:\Users\ADMIN\.m2\repository\org\apache\poi\poi\3.9\poi-3.9.jar;C:\Users\ADMIN\.m2\repository\org\apache\poi\poi-ooxml\3.9\poi-ooxml-3.9.jar;C:\Users\ADMIN\.m2\repository\dom4j\dom4j\1.6.1\dom4j-1.6.1.jar;C:\Users\ADMIN\.m2\repository\xml-apis\xml-apis\1.0.b2\xml-apis-1.0.b2.jar;C:\Users\ADMIN\.m2\repository\org\apache\poi\poi-ooxml-schemas\3.9\poi-ooxml-schemas-3.9.jar;C:\Users\ADMIN\.m2\repository\org\apache\xmlbeans\xmlbeans\2.3.0\xmlbeans-2.3.0.jar;C:\Users\ADMIN\.m2\repository\stax\stax-api\1.0.1\stax-api-1.0.1.jar;C:\Users\ADMIN\.m2\repository\org\apache\poi\poi-scratchpad\3.9\poi-scratchpad-3.9.jar;C:\Users\ADMIN\.m2\repository\org\apache\poi\ooxml-schemas\1.1\ooxml-schemas-1.1.jar;C:\Users\ADMIN\.m2\repository\org\apache\poi\openxml4j\1.0-beta\openxml4j-1.0-beta.jar;C:\Users\ADMIN\.m2\repository\log4j\log4j\1.2.8\log4j-1.2.8.jar;C:\Users\ADMIN\.m2\repository\com\relevantcodes\extentreports\2.41.2\extentreports-2.41.2.jar;C:\Users\ADMIN\.m2\repository\org\jsoup\jsoup\1.8.3\jsoup-1.8.3.jar;C:\Users\ADMIN\.m2\repository\org\xerial\sqlite-jdbc\3.8.11.1\sqlite-jdbc-3.8.11.1.jar;C:\Users\ADMIN\.m2\repository\org\freemarker\freemarker\2.3.23\freemarker-2.3.23.jar;C:\Users\ADMIN\.m2\repository\org\mongodb\mongodb-driver\3.0.4\mongodb-driver-3.0.4.jar;C:\Users\ADMIN\.m2\repository\org\mongodb\bson\3.0.4\bson-3.0.4.jar;C:\Users\ADMIN\.m2\repository\org\mongodb\mongodb-driver-core\3.0.4\mongodb-driver-core-3.0.4.jar;C:\Users\ADMIN\.m2\repository\commons-io\commons-io\2.6\commons-io-2.6.jar;"/>
    <property name="java.vm.vendor" value="Oracle Corporation"/>
    <property name="sun.arch.data.model" value="64"/>
    <property name="user.variant" value=""/>
    <property name="java.vendor.url" value="https://java.oracle.com/"/>
    <property name="user.timezone" value="Asia/Calcutta"/>
    <property name="os.name" value="Windows 10"/>
    <property name="java.vm.specification.version" value="17"/>
    <property name="sun.java.launcher" value="SUN_STANDARD"/>
    <property name="user.country" value="IN"/>
    <property name="sun.boot.library.path" value="C:\Program Files\Java\jdk-17\bin"/>
    <property name="sun.java.command" value="C:\Users\ADMIN\AppData\Local\Temp\surefire8519511347575818873\surefirebooter-20240306204100371_3.jar C:\Users\ADMIN\AppData\Local\Temp\surefire8519511347575818873 2024-03-06T20-40-59_329-jvmRun1 surefire-20240306204100371_1tmp surefire_0-20240306204100371_2tmp"/>
    <property name="jdk.debug" value="release"/>
    <property name="surefire.test.class.path" value="C:\Users\ADMIN\eclipse-workspace-axisqa\XYZBank\target\test-classes;C:\Users\ADMIN\eclipse-workspace-axisqa\XYZBank\target\classes;C:\Users\ADMIN\.m2\repository\junit\junit\4.11\junit-4.11.jar;C:\Users\ADMIN\.m2\repository\org\hamcrest\hamcrest-core\1.3\hamcrest-core-1.3.jar;C:\Users\ADMIN\.m2\repository\org\seleniumhq\selenium\selenium-java\3.14.0\selenium-java-3.14.0.jar;C:\Users\ADMIN\.m2\repository\org\seleniumhq\selenium\selenium-api\3.14.0\selenium-api-3.14.0.jar;C:\Users\ADMIN\.m2\repository\org\seleniumhq\selenium\selenium-chrome-driver\3.14.0\selenium-chrome-driver-3.14.0.jar;C:\Users\ADMIN\.m2\repository\org\seleniumhq\selenium\selenium-edge-driver\3.14.0\selenium-edge-driver-3.14.0.jar;C:\Users\ADMIN\.m2\repository\org\seleniumhq\selenium\selenium-firefox-driver\3.14.0\selenium-firefox-driver-3.14.0.jar;C:\Users\ADMIN\.m2\repository\org\seleniumhq\selenium\selenium-ie-driver\3.14.0\selenium-ie-driver-3.14.0.jar;C:\Users\ADMIN\.m2\repository\org\seleniumhq\selenium\selenium-opera-driver\3.14.0\selenium-opera-driver-3.14.0.jar;C:\Users\ADMIN\.m2\repository\org\seleniumhq\selenium\selenium-remote-driver\3.14.0\selenium-remote-driver-3.14.0.jar;C:\Users\ADMIN\.m2\repository\org\seleniumhq\selenium\selenium-safari-driver\3.14.0\selenium-safari-driver-3.14.0.jar;C:\Users\ADMIN\.m2\repository\org\seleniumhq\selenium\selenium-support\3.14.0\selenium-support-3.14.0.jar;C:\Users\ADMIN\.m2\repository\net\bytebuddy\byte-buddy\1.8.15\byte-buddy-1.8.15.jar;C:\Users\ADMIN\.m2\repository\org\apache\commons\commons-exec\1.3\commons-exec-1.3.jar;C:\Users\ADMIN\.m2\repository\commons-codec\commons-codec\1.10\commons-codec-1.10.jar;C:\Users\ADMIN\.m2\repository\commons-logging\commons-logging\1.2\commons-logging-1.2.jar;C:\Users\ADMIN\.m2\repository\com\google\guava\guava\25.0-jre\guava-25.0-jre.jar;C:\Users\ADMIN\.m2\repository\com\google\code\findbugs\jsr305\1.3.9\jsr305-1.3.9.jar;C:\Users\ADMIN\.m2\repository\org\checkerframework\checker-compat-qual\2.0.0\checker-compat-qual-2.0.0.jar;C:\Users\ADMIN\.m2\repository\com\google\errorprone\error_prone_annotations\2.1.3\error_prone_annotations-2.1.3.jar;C:\Users\ADMIN\.m2\repository\com\google\j2objc\j2objc-annotations\1.1\j2objc-annotations-1.1.jar;C:\Users\ADMIN\.m2\repository\org\codehaus\mojo\animal-sniffer-annotations\1.14\animal-sniffer-annotations-1.14.jar;C:\Users\ADMIN\.m2\repository\org\apache\httpcomponents\httpclient\4.5.5\httpclient-4.5.5.jar;C:\Users\ADMIN\.m2\repository\org\apache\httpcomponents\httpcore\4.4.9\httpcore-4.4.9.jar;C:\Users\ADMIN\.m2\repository\com\squareup\okhttp3\okhttp\3.10.0\okhttp-3.10.0.jar;C:\Users\ADMIN\.m2\repository\com\squareup\okio\okio\1.14.1\okio-1.14.1.jar;C:\Users\ADMIN\.m2\repository\org\testng\testng\6.11\testng-6.11.jar;C:\Users\ADMIN\.m2\repository\com\beust\jcommander\1.64\jcommander-1.64.jar;C:\Users\ADMIN\.m2\repository\org\yaml\snakeyaml\1.17\snakeyaml-1.17.jar;C:\Users\ADMIN\.m2\repository\org\apache\poi\poi\3.9\poi-3.9.jar;C:\Users\ADMIN\.m2\repository\org\apache\poi\poi-ooxml\3.9\poi-ooxml-3.9.jar;C:\Users\ADMIN\.m2\repository\dom4j\dom4j\1.6.1\dom4j-1.6.1.jar;C:\Users\ADMIN\.m2\repository\xml-apis\xml-apis\1.0.b2\xml-apis-1.0.b2.jar;C:\Users\ADMIN\.m2\repository\org\apache\poi\poi-ooxml-schemas\3.9\poi-ooxml-schemas-3.9.jar;C:\Users\ADMIN\.m2\repository\org\apache\xmlbeans\xmlbeans\2.3.0\xmlbeans-2.3.0.jar;C:\Users\ADMIN\.m2\repository\stax\stax-api\1.0.1\stax-api-1.0.1.jar;C:\Users\ADMIN\.m2\repository\org\apache\poi\poi-scratchpad\3.9\poi-scratchpad-3.9.jar;C:\Users\ADMIN\.m2\repository\org\apache\poi\ooxml-schemas\1.1\ooxml-schemas-1.1.jar;C:\Users\ADMIN\.m2\repository\org\apache\poi\openxml4j\1.0-beta\openxml4j-1.0-beta.jar;C:\Users\ADMIN\.m2\repository\log4j\log4j\1.2.8\log4j-1.2.8.jar;C:\Users\ADMIN\.m2\repository\com\relevantcodes\extentreports\2.41.2\extentreports-2.41.2.jar;C:\Users\ADMIN\.m2\repository\org\jsoup\jsoup\1.8.3\jsoup-1.8.3.jar;C:\Users\ADMIN\.m2\repository\org\xerial\sqlite-jdbc\3.8.11.1\sqlite-jdbc-3.8.11.1.jar;C:\Users\ADMIN\.m2\repository\org\freemarker\freemarker\2.3.23\freemarker-2.3.23.jar;C:\Users\ADMIN\.m2\repository\org\mongodb\mongodb-driver\3.0.4\mongodb-driver-3.0.4.jar;C:\Users\ADMIN\.m2\repository\org\mongodb\bson\3.0.4\bson-3.0.4.jar;C:\Users\ADMIN\.m2\repository\org\mongodb\mongodb-driver-core\3.0.4\mongodb-driver-core-3.0.4.jar;C:\Users\ADMIN\.m2\repository\commons-io\commons-io\2.6\commons-io-2.6.jar;"/>
    <property name="sun.cpu.endian" value="little"/>
    <property name="user.home" value="C:\Users\ADMIN"/>
    <property name="user.language" value="en"/>
    <property name="java.specification.vendor" value="Oracle Corporation"/>
    <property name="java.version.date" value="2024-01-16"/>
    <property name="java.home" value="C:\Program Files\Java\jdk-17"/>
    <property name="file.separator" value="\"/>
    <property name="style.color" value="always"/>
    <property name="basedir" value="C:\Users\ADMIN\eclipse-workspace-axisqa\XYZBank"/>
    <property name="java.vm.compressedOopsMode" value="32-bit"/>
    <property name="line.separator" value="&#10;"/>
    <property name="java.vm.specification.vendor" value="Oracle Corporation"/>
    <property name="java.specification.name" value="Java Platform API Specification"/>
    <property name="surefire.real.class.path" value="C:\Users\ADMIN\AppData\Local\Temp\surefire8519511347575818873\surefirebooter-20240306204100371_3.jar"/>
    <property name="user.script" value=""/>
    <property name="sun.management.compiler" value="HotSpot 64-Bit Tiered Compilers"/>
    <property name="java.runtime.version" value="17.0.10+11-LTS-240"/>
    <property name="user.name" value="ADMIN"/>
    <property name="path.separator" value=";"/>
    <property name="os.version" value="10.0"/>
    <property name="java.runtime.name" value="Java(TM) SE Runtime Environment"/>
    <property name="file.encoding" value="Cp1252"/>
    <property name="java.vm.name" value="Java HotSpot(TM) 64-Bit Server VM"/>
    <property name="localRepository" value="C:\Users\ADMIN\.m2\repository"/>
    <property name="java.vendor.url.bug" value="https://bugreport.java.com/bugreport/"/>
    <property name="java.io.tmpdir" value="C:\Users\ADMIN\AppData\Local\Temp\"/>
    <property name="java.version" value="17.0.10"/>
    <property name="user.dir" value="C:\Users\ADMIN\eclipse-workspace-axisqa\XYZBank"/>
    <property name="os.arch" value="amd64"/>
    <property name="java.vm.specification.name" value="Java Virtual Machine Specification"/>
    <property name="sun.os.patch.level" value=""/>
    <property name="native.encoding" value="Cp1252"/>
    <property name="java.library.path" value="C:\Program Files\Java\jdk-17\bin;C:\WINDOWS\Sun\Java\bin;C:\WINDOWS\system32;C:\WINDOWS;C:/Users/ADMIN/Downloads/eclipse-java-2023-12-R-win32-x86_64/eclipse//plugins/org.eclipse.justj.openjdk.hotspot.jre.full.win32.x86_64_17.0.10.v20240120-1143/jre/bin/server;C:/Users/ADMIN/Downloads/eclipse-java-2023-12-R-win32-x86_64/eclipse//plugins/org.eclipse.justj.openjdk.hotspot.jre.full.win32.x86_64_17.0.10.v20240120-1143/jre/bin;C:\Program Files\Common Files\Oracle\Java\javapath;C:\WINDOWS\system32;C:\WINDOWS;C:\WINDOWS\System32\Wbem;C:\WINDOWS\System32\WindowsPowerShell\v1.0\;C:\WINDOWS\System32\OpenSSH\;C:\Program Files\Java\apache-maven-3.9.6\bin;C:\Users\ADMIN\AppData\Local\Microsoft\WindowsApps;C:\Program Files\JetBrains\IntelliJ IDEA Community Edition 2023.1\bin;;C:\Program Files\Java\apache-maven-3.9.6\bin;;C:\Users\ADMIN\Downloads\eclipse-java-2023-12-R-win32-x86_64\eclipse;;."/>
    <property name="java.vm.info" value="mixed mode, sharing"/>
    <property name="java.vendor" value="Oracle Corporation"/>
    <property name="java.vm.version" value="17.0.10+11-LTS-240"/>
    <property name="sun.io.unicode.encoding" value="UnicodeLittle"/>
    <property name="java.class.version" value="61.0"/>
  </properties>
  <testcase name="customerLoginTest" classname="com.xyz.qa.testcases.LoginPageTest" time="0.847">
    <system-out><![CDATA[Before navigating to: 'https://www.globalsqa.com/angularJs-protractor/BankingProject/#/login'
Navigated to:'https://www.globalsqa.com/angularJs-protractor/BankingProject/#/login'
Trying to find Element By : By.xpath: //button[normalize-space()='Customer Login']
Found Element By : By.xpath: //button[normalize-space()='Customer Login']
Trying to click on: [[ChromeDriver: chrome on WINDOWS (c6b1a52a3830c8fadc952938584bfcb8)] -> xpath: //button[normalize-space()='Customer Login']]
Clicked on: [[ChromeDriver: chrome on WINDOWS (c6b1a52a3830c8fadc952938584bfcb8)] -> xpath: //button[normalize-space()='Customer Login']]
]]></system-out>
    <system-err><![CDATA[Starting ChromeDriver 122.0.6261.57 (87957e464700ccf3468df47ce741e0dc089e0544-refs/branch-heads/6261@{#853}) on port 13020
Only local connections are allowed.
Please see https://chromedriver.chromium.org/security-considerations for suggestions on keeping ChromeDriver safe.
ChromeDriver was started successfully.
Mar 06, 2024 8:41:11 PM org.openqa.selenium.remote.ProtocolHandshake createSession
INFO: Detected dialect: W3C
]]></system-err>
  </testcase>
  <testcase name="loginPageTitleTest" classname="com.xyz.qa.testcases.LoginPageTest" time="0.059">
    <system-out><![CDATA[Before navigating to: 'https://www.globalsqa.com/angularJs-protractor/BankingProject/#/login'
Navigated to:'https://www.globalsqa.com/angularJs-protractor/BankingProject/#/login'
]]></system-out>
    <system-err><![CDATA[Starting ChromeDriver 122.0.6261.57 (87957e464700ccf3468df47ce741e0dc089e0544-refs/branch-heads/6261@{#853}) on port 29757
Only local connections are allowed.
Please see https://chromedriver.chromium.org/security-considerations for suggestions on keeping ChromeDriver safe.
ChromeDriver was started successfully.
Mar 06, 2024 8:41:39 PM org.openqa.selenium.remote.ProtocolHandshake createSession
INFO: Detected dialect: W3C
]]></system-err>
  </testcase>
  <testcase name="loginTest" classname="com.xyz.qa.testcases.LoginPageTest" time="6.779">
    <system-out><![CDATA[Before navigating to: 'https://www.globalsqa.com/angularJs-protractor/BankingProject/#/login'
Navigated to:'https://www.globalsqa.com/angularJs-protractor/BankingProject/#/login'
Trying to find Element By : By.xpath: //button[normalize-space()='Customer Login']
Found Element By : By.xpath: //button[normalize-space()='Customer Login']
Trying to click on: [[ChromeDriver: chrome on WINDOWS (24696ba001b701977975d69762790eb1)] -> xpath: //button[normalize-space()='Customer Login']]
Clicked on: [[ChromeDriver: chrome on WINDOWS (24696ba001b701977975d69762790eb1)] -> xpath: //button[normalize-space()='Customer Login']]
Trying to find Element By : By.xpath: //select[@id='userSelect']
Found Element By : By.xpath: //select[@id='userSelect']
Trying to find Element By : By.xpath: //select[@id='userSelect']
Found Element By : By.xpath: //select[@id='userSelect']
Trying to find Element By : By.xpath: //select[@id='userSelect']
Found Element By : By.xpath: //select[@id='userSelect']
Trying to find Element By : By.xpath: .//option[normalize-space(.) = "Harry Potter"]
Found Element By : By.xpath: .//option[normalize-space(.) = "Harry Potter"]
Trying to click on: [[[[ChromeDriver: chrome on WINDOWS (24696ba001b701977975d69762790eb1)] -> xpath: //select[@id='userSelect']]] -> xpath: .//option[normalize-space(.) = "Harry Potter"]]
Clicked on: [[[[ChromeDriver: chrome on WINDOWS (24696ba001b701977975d69762790eb1)] -> xpath: //select[@id='userSelect']]] -> xpath: .//option[normalize-space(.) = "Harry Potter"]]
Trying to find Element By : By.xpath: //button[normalize-space()='Login']
Found Element By : By.xpath: //button[normalize-space()='Login']
Trying to click on: [[ChromeDriver: chrome on WINDOWS (24696ba001b701977975d69762790eb1)] -> xpath: //button[normalize-space()='Login']]
Clicked on: [[ChromeDriver: chrome on WINDOWS (24696ba001b701977975d69762790eb1)] -> xpath: //button[normalize-space()='Login']]
]]></system-out>
    <system-err><![CDATA[Starting ChromeDriver 122.0.6261.57 (87957e464700ccf3468df47ce741e0dc089e0544-refs/branch-heads/6261@{#853}) on port 17337
Only local connections are allowed.
Please see https://chromedriver.chromium.org/security-considerations for suggestions on keeping ChromeDriver safe.
ChromeDriver was started successfully.
Mar 06, 2024 8:45:44 PM org.openqa.selenium.remote.ProtocolHandshake createSession
INFO: Detected dialect: W3C
]]></system-err>
  </testcase>
  <testcase name="verifyAddCustomerAlertMessage" classname="com.xyz.qa.testcases.ManagerAddCustomerPageTest" time="7.487">
    <system-out><![CDATA[Before navigating to: 'https://www.globalsqa.com/angularJs-protractor/BankingProject/#/login'
Navigated to:'https://www.globalsqa.com/angularJs-protractor/BankingProject/#/login'
Trying to find Element By : By.xpath: //button[normalize-space()='Bank Manager Login']
Found Element By : By.xpath: //button[normalize-space()='Bank Manager Login']
Trying to click on: [[ChromeDriver: chrome on WINDOWS (68b507509a407c5ae4ee26c5680620aa)] -> xpath: //button[normalize-space()='Bank Manager Login']]
Clicked on: [[ChromeDriver: chrome on WINDOWS (68b507509a407c5ae4ee26c5680620aa)] -> xpath: //button[normalize-space()='Bank Manager Login']]
Trying to find Element By : By.xpath: //button[normalize-space()='Add Customer']
Found Element By : By.xpath: //button[normalize-space()='Add Customer']
Trying to click on: [[ChromeDriver: chrome on WINDOWS (68b507509a407c5ae4ee26c5680620aa)] -> xpath: //button[normalize-space()='Add Customer']]
Clicked on: [[ChromeDriver: chrome on WINDOWS (68b507509a407c5ae4ee26c5680620aa)] -> xpath: //button[normalize-space()='Add Customer']]
Trying to find Element By : By.xpath: //input[@placeholder='First Name']
Found Element By : By.xpath: //input[@placeholder='First Name']
Trying to find Element By : By.xpath: //input[@placeholder='Last Name']
Found Element By : By.xpath: //input[@placeholder='Last Name']
Trying to find Element By : By.xpath: //input[@placeholder='Post Code']
Found Element By : By.xpath: //input[@placeholder='Post Code']
Trying to find Element By : By.xpath: //button[@type='submit']
Found Element By : By.xpath: //button[@type='submit']
Trying to click on: [[ChromeDriver: chrome on WINDOWS (68b507509a407c5ae4ee26c5680620aa)] -> xpath: //button[@type='submit']]
Clicked on: [[ChromeDriver: chrome on WINDOWS (68b507509a407c5ae4ee26c5680620aa)] -> xpath: //button[@type='submit']]
]]></system-out>
    <system-err><![CDATA[Starting ChromeDriver 122.0.6261.57 (87957e464700ccf3468df47ce741e0dc089e0544-refs/branch-heads/6261@{#853}) on port 42798
Only local connections are allowed.
Please see https://chromedriver.chromium.org/security-considerations for suggestions on keeping ChromeDriver safe.
ChromeDriver was started successfully.
Mar 06, 2024 8:42:26 PM org.openqa.selenium.remote.ProtocolHandshake createSession
INFO: Detected dialect: W3C
]]></system-err>
  </testcase>
  <testcase name="verifyCustomerDetailsAndDelete" classname="com.xyz.qa.testcases.ManagerCustomersPageTest" time="4.116">
    <system-out><![CDATA[Before navigating to: 'https://www.globalsqa.com/angularJs-protractor/BankingProject/#/login'
Navigated to:'https://www.globalsqa.com/angularJs-protractor/BankingProject/#/login'
Trying to find Element By : By.xpath: //button[normalize-space()='Bank Manager Login']
Found Element By : By.xpath: //button[normalize-space()='Bank Manager Login']
Trying to click on: [[ChromeDriver: chrome on WINDOWS (21e6e39f9aa59a3ca39e2bf46b049a2d)] -> xpath: //button[normalize-space()='Bank Manager Login']]
Clicked on: [[ChromeDriver: chrome on WINDOWS (21e6e39f9aa59a3ca39e2bf46b049a2d)] -> xpath: //button[normalize-space()='Bank Manager Login']]
Trying to find Element By : By.xpath: //button[normalize-space()='Customers']
Found Element By : By.xpath: //button[normalize-space()='Customers']
Trying to click on: [[ChromeDriver: chrome on WINDOWS (21e6e39f9aa59a3ca39e2bf46b049a2d)] -> xpath: //button[normalize-space()='Customers']]
Clicked on: [[ChromeDriver: chrome on WINDOWS (21e6e39f9aa59a3ca39e2bf46b049a2d)] -> xpath: //button[normalize-space()='Customers']]
Trying to find Element By : By.xpath: //input[@placeholder='Search Customer']
Found Element By : By.xpath: //input[@placeholder='Search Customer']
Trying to find Element By : By.xpath: //td[normalize-space()='Neville']
Found Element By : By.xpath: //td[normalize-space()='Neville']
Trying to find Element By : By.xpath: //td[normalize-space()='Longbottom']
Found Element By : By.xpath: //td[normalize-space()='Longbottom']
Trying to find Element By : By.xpath: //td[normalize-space()='E89898']
Found Element By : By.xpath: //td[normalize-space()='E89898']
Trying to find Element By : By.xpath: //tbody//td[4]
Found Element By : By.xpath: //tbody//td[4]
Trying to find Element By : By.xpath: //button[normalize-space()='Delete']
Found Element By : By.xpath: //button[normalize-space()='Delete']
Trying to click on: [[ChromeDriver: chrome on WINDOWS (21e6e39f9aa59a3ca39e2bf46b049a2d)] -> xpath: //button[normalize-space()='Delete']]
Clicked on: [[ChromeDriver: chrome on WINDOWS (21e6e39f9aa59a3ca39e2bf46b049a2d)] -> xpath: //button[normalize-space()='Delete']]
]]></system-out>
    <system-err><![CDATA[Starting ChromeDriver 122.0.6261.57 (87957e464700ccf3468df47ce741e0dc089e0544-refs/branch-heads/6261@{#853}) on port 19665
Only local connections are allowed.
Please see https://chromedriver.chromium.org/security-considerations for suggestions on keeping ChromeDriver safe.
ChromeDriver was started successfully.
Mar 06, 2024 8:44:01 PM org.openqa.selenium.remote.ProtocolHandshake createSession
INFO: Detected dialect: W3C
]]></system-err>
  </testcase>
  <testcase name="verifyOpenAccountAlertMessage" classname="com.xyz.qa.testcases.ManagerOpenAccountPageTest" time="6.201">
    <system-out><![CDATA[Before navigating to: 'https://www.globalsqa.com/angularJs-protractor/BankingProject/#/login'
Navigated to:'https://www.globalsqa.com/angularJs-protractor/BankingProject/#/login'
Trying to find Element By : By.xpath: //button[normalize-space()='Bank Manager Login']
Found Element By : By.xpath: //button[normalize-space()='Bank Manager Login']
Trying to click on: [[ChromeDriver: chrome on WINDOWS (41e6ef45695d2f8dc24a37c0ee651520)] -> xpath: //button[normalize-space()='Bank Manager Login']]
Clicked on: [[ChromeDriver: chrome on WINDOWS (41e6ef45695d2f8dc24a37c0ee651520)] -> xpath: //button[normalize-space()='Bank Manager Login']]
Trying to find Element By : By.xpath: //button[normalize-space()='Open Account']
Found Element By : By.xpath: //button[normalize-space()='Open Account']
Trying to click on: [[ChromeDriver: chrome on WINDOWS (41e6ef45695d2f8dc24a37c0ee651520)] -> xpath: //button[normalize-space()='Open Account']]
Clicked on: [[ChromeDriver: chrome on WINDOWS (41e6ef45695d2f8dc24a37c0ee651520)] -> xpath: //button[normalize-space()='Open Account']]
Trying to find Element By : By.xpath: //select[@id='userSelect']
Found Element By : By.xpath: //select[@id='userSelect']
Trying to find Element By : By.xpath: //select[@id='userSelect']
Found Element By : By.xpath: //select[@id='userSelect']
Trying to find Element By : By.xpath: //select[@id='userSelect']
Found Element By : By.xpath: //select[@id='userSelect']
Trying to find Element By : By.xpath: .//option[normalize-space(.) = "Harry Potter"]
Found Element By : By.xpath: .//option[normalize-space(.) = "Harry Potter"]
Trying to click on: [[[[ChromeDriver: chrome on WINDOWS (41e6ef45695d2f8dc24a37c0ee651520)] -> xpath: //select[@id='userSelect']]] -> xpath: .//option[normalize-space(.) = "Harry Potter"]]
Clicked on: [[[[ChromeDriver: chrome on WINDOWS (41e6ef45695d2f8dc24a37c0ee651520)] -> xpath: //select[@id='userSelect']]] -> xpath: .//option[normalize-space(.) = "Harry Potter"]]
Trying to find Element By : By.xpath: //select[@id='currency']
Found Element By : By.xpath: //select[@id='currency']
Trying to find Element By : By.xpath: //select[@id='currency']
Found Element By : By.xpath: //select[@id='currency']
Trying to find Element By : By.xpath: //select[@id='currency']
Found Element By : By.xpath: //select[@id='currency']
Trying to find Element By : By.xpath: .//option[normalize-space(.) = "Dollar"]
Found Element By : By.xpath: .//option[normalize-space(.) = "Dollar"]
Trying to click on: [[[[ChromeDriver: chrome on WINDOWS (41e6ef45695d2f8dc24a37c0ee651520)] -> xpath: //select[@id='currency']]] -> xpath: .//option[normalize-space(.) = "Dollar"]]
Clicked on: [[[[ChromeDriver: chrome on WINDOWS (41e6ef45695d2f8dc24a37c0ee651520)] -> xpath: //select[@id='currency']]] -> xpath: .//option[normalize-space(.) = "Dollar"]]
Trying to find Element By : By.xpath: //button[@type='submit']
Found Element By : By.xpath: //button[@type='submit']
Trying to click on: [[ChromeDriver: chrome on WINDOWS (41e6ef45695d2f8dc24a37c0ee651520)] -> xpath: //button[@type='submit']]
Clicked on: [[ChromeDriver: chrome on WINDOWS (41e6ef45695d2f8dc24a37c0ee651520)] -> xpath: //button[@type='submit']]
]]></system-out>
    <system-err><![CDATA[Starting ChromeDriver 122.0.6261.57 (87957e464700ccf3468df47ce741e0dc089e0544-refs/branch-heads/6261@{#853}) on port 12387
Only local connections are allowed.
Please see https://chromedriver.chromium.org/security-considerations for suggestions on keeping ChromeDriver safe.
ChromeDriver was started successfully.
Mar 06, 2024 8:44:36 PM org.openqa.selenium.remote.ProtocolHandshake createSession
INFO: Detected dialect: W3C
]]></system-err>
  </testcase>
  <testcase name="verifyCustomerAccountDetails" classname="com.xyz.qa.testcases.CustomerAccountPageTest" time="0.979">
    <system-out><![CDATA[Before navigating to: 'https://www.globalsqa.com/angularJs-protractor/BankingProject/#/login'
Navigated to:'https://www.globalsqa.com/angularJs-protractor/BankingProject/#/login'
Trying to find Element By : By.xpath: //button[normalize-space()='Customer Login']
Found Element By : By.xpath: //button[normalize-space()='Customer Login']
Trying to click on: [[ChromeDriver: chrome on WINDOWS (b9ae791c0cad28841685859cd70f42f8)] -> xpath: //button[normalize-space()='Customer Login']]
Clicked on: [[ChromeDriver: chrome on WINDOWS (b9ae791c0cad28841685859cd70f42f8)] -> xpath: //button[normalize-space()='Customer Login']]
Trying to find Element By : By.xpath: //select[@id='userSelect']
Found Element By : By.xpath: //select[@id='userSelect']
Trying to find Element By : By.xpath: //select[@id='userSelect']
Found Element By : By.xpath: //select[@id='userSelect']
Trying to find Element By : By.xpath: //select[@id='userSelect']
Found Element By : By.xpath: //select[@id='userSelect']
Trying to find Element By : By.xpath: .//option[normalize-space(.) = "Harry Potter"]
Found Element By : By.xpath: .//option[normalize-space(.) = "Harry Potter"]
Trying to click on: [[[[ChromeDriver: chrome on WINDOWS (b9ae791c0cad28841685859cd70f42f8)] -> xpath: //select[@id='userSelect']]] -> xpath: .//option[normalize-space(.) = "Harry Potter"]]
Clicked on: [[[[ChromeDriver: chrome on WINDOWS (b9ae791c0cad28841685859cd70f42f8)] -> xpath: //select[@id='userSelect']]] -> xpath: .//option[normalize-space(.) = "Harry Potter"]]
Trying to find Element By : By.xpath: //button[normalize-space()='Login']
Found Element By : By.xpath: //button[normalize-space()='Login']
Trying to click on: [[ChromeDriver: chrome on WINDOWS (b9ae791c0cad28841685859cd70f42f8)] -> xpath: //button[normalize-space()='Login']]
Clicked on: [[ChromeDriver: chrome on WINDOWS (b9ae791c0cad28841685859cd70f42f8)] -> xpath: //button[normalize-space()='Login']]
Trying to find Element By : By.xpath: //strong[@class='mainHeading']
Found Element By : By.xpath: //strong[@class='mainHeading']
Trying to find Element By : By.xpath: //span[@class='fontBig ng-binding']
Found Element By : By.xpath: //span[@class='fontBig ng-binding']
Trying to find Element By : By.xpath: //button[normalize-space()='Deposit']
Found Element By : By.xpath: //button[normalize-space()='Deposit']
Trying to click on: [[ChromeDriver: chrome on WINDOWS (b9ae791c0cad28841685859cd70f42f8)] -> xpath: //button[normalize-space()='Deposit']]
Clicked on: [[ChromeDriver: chrome on WINDOWS (b9ae791c0cad28841685859cd70f42f8)] -> xpath: //button[normalize-space()='Deposit']]
Trying to find Element By : By.xpath: //button[normalize-space()='Withdrawl']
Found Element By : By.xpath: //button[normalize-space()='Withdrawl']
Trying to click on: [[ChromeDriver: chrome on WINDOWS (b9ae791c0cad28841685859cd70f42f8)] -> xpath: //button[normalize-space()='Withdrawl']]
Clicked on: [[ChromeDriver: chrome on WINDOWS (b9ae791c0cad28841685859cd70f42f8)] -> xpath: //button[normalize-space()='Withdrawl']]
]]></system-out>
    <system-err><![CDATA[Starting ChromeDriver 122.0.6261.57 (87957e464700ccf3468df47ce741e0dc089e0544-refs/branch-heads/6261@{#853}) on port 11297
Only local connections are allowed.
Please see https://chromedriver.chromium.org/security-considerations for suggestions on keeping ChromeDriver safe.
ChromeDriver was started successfully.
Mar 06, 2024 8:46:14 PM org.openqa.selenium.remote.ProtocolHandshake createSession
INFO: Detected dialect: W3C
]]></system-err>
  </testcase>
  <testcase name="depositAmountAndVerifyTransaction" classname="com.xyz.qa.testcases.DepositPageTest" time="8.509">
    <system-out><![CDATA[Before navigating to: 'https://www.globalsqa.com/angularJs-protractor/BankingProject/#/login'
Navigated to:'https://www.globalsqa.com/angularJs-protractor/BankingProject/#/login'
Trying to find Element By : By.xpath: //button[normalize-space()='Customer Login']
Found Element By : By.xpath: //button[normalize-space()='Customer Login']
Trying to click on: [[ChromeDriver: chrome on WINDOWS (2a8bc17643316b15a438d3e1112c3bc3)] -> xpath: //button[normalize-space()='Customer Login']]
Clicked on: [[ChromeDriver: chrome on WINDOWS (2a8bc17643316b15a438d3e1112c3bc3)] -> xpath: //button[normalize-space()='Customer Login']]
Trying to find Element By : By.xpath: //select[@id='userSelect']
Found Element By : By.xpath: //select[@id='userSelect']
Trying to find Element By : By.xpath: //select[@id='userSelect']
Found Element By : By.xpath: //select[@id='userSelect']
Trying to find Element By : By.xpath: //select[@id='userSelect']
Found Element By : By.xpath: //select[@id='userSelect']
Trying to find Element By : By.xpath: .//option[normalize-space(.) = "Harry Potter"]
Found Element By : By.xpath: .//option[normalize-space(.) = "Harry Potter"]
Trying to click on: [[[[ChromeDriver: chrome on WINDOWS (2a8bc17643316b15a438d3e1112c3bc3)] -> xpath: //select[@id='userSelect']]] -> xpath: .//option[normalize-space(.) = "Harry Potter"]]
Clicked on: [[[[ChromeDriver: chrome on WINDOWS (2a8bc17643316b15a438d3e1112c3bc3)] -> xpath: //select[@id='userSelect']]] -> xpath: .//option[normalize-space(.) = "Harry Potter"]]
Trying to find Element By : By.xpath: //button[normalize-space()='Login']
Found Element By : By.xpath: //button[normalize-space()='Login']
Trying to click on: [[ChromeDriver: chrome on WINDOWS (2a8bc17643316b15a438d3e1112c3bc3)] -> xpath: //button[normalize-space()='Login']]
Clicked on: [[ChromeDriver: chrome on WINDOWS (2a8bc17643316b15a438d3e1112c3bc3)] -> xpath: //button[normalize-space()='Login']]
Trying to find Element By : By.xpath: //button[normalize-space()='Deposit']
Found Element By : By.xpath: //button[normalize-space()='Deposit']
Trying to click on: [[ChromeDriver: chrome on WINDOWS (2a8bc17643316b15a438d3e1112c3bc3)] -> xpath: //button[normalize-space()='Deposit']]
Clicked on: [[ChromeDriver: chrome on WINDOWS (2a8bc17643316b15a438d3e1112c3bc3)] -> xpath: //button[normalize-space()='Deposit']]
Trying to find Element By : By.xpath: //input[@placeholder='amount']
Found Element By : By.xpath: //input[@placeholder='amount']
Trying to find Element By : By.xpath: //button[@type='submit']
Found Element By : By.xpath: //button[@type='submit']
Trying to click on: [[ChromeDriver: chrome on WINDOWS (2a8bc17643316b15a438d3e1112c3bc3)] -> xpath: //button[@type='submit']]
Clicked on: [[ChromeDriver: chrome on WINDOWS (2a8bc17643316b15a438d3e1112c3bc3)] -> xpath: //button[@type='submit']]
Trying to find Element By : By.xpath: //span[@class='error ng-binding']
Found Element By : By.xpath: //span[@class='error ng-binding']
Trying to find Element By : By.xpath: //button[normalize-space()='Transactions']
Found Element By : By.xpath: //button[normalize-space()='Transactions']
Trying to click on: [[ChromeDriver: chrome on WINDOWS (2a8bc17643316b15a438d3e1112c3bc3)] -> xpath: //button[normalize-space()='Transactions']]
Clicked on: [[ChromeDriver: chrome on WINDOWS (2a8bc17643316b15a438d3e1112c3bc3)] -> xpath: //button[normalize-space()='Transactions']]
Trying to find Element By : By.xpath: //td[normalize-space()='1000']
Found Element By : By.xpath: //td[normalize-space()='1000']
]]></system-out>
    <system-err><![CDATA[Starting ChromeDriver 122.0.6261.57 (87957e464700ccf3468df47ce741e0dc089e0544-refs/branch-heads/6261@{#853}) on port 10757
Only local connections are allowed.
Please see https://chromedriver.chromium.org/security-considerations for suggestions on keeping ChromeDriver safe.
ChromeDriver was started successfully.
Mar 06, 2024 8:47:48 PM org.openqa.selenium.remote.ProtocolHandshake createSession
INFO: Detected dialect: W3C
]]></system-err>
  </testcase>
  <testcase name="withdrawAmount" classname="com.xyz.qa.testcases.WithdrawPageTest" time="2.666">
    <system-out><![CDATA[Before navigating to: 'https://www.globalsqa.com/angularJs-protractor/BankingProject/#/login'
Navigated to:'https://www.globalsqa.com/angularJs-protractor/BankingProject/#/login'
Trying to find Element By : By.xpath: //button[normalize-space()='Customer Login']
Found Element By : By.xpath: //button[normalize-space()='Customer Login']
Trying to click on: [[ChromeDriver: chrome on WINDOWS (0e0637dc6cbe165a34a4bfd51b9e381c)] -> xpath: //button[normalize-space()='Customer Login']]
Clicked on: [[ChromeDriver: chrome on WINDOWS (0e0637dc6cbe165a34a4bfd51b9e381c)] -> xpath: //button[normalize-space()='Customer Login']]
Trying to find Element By : By.xpath: //select[@id='userSelect']
Found Element By : By.xpath: //select[@id='userSelect']
Trying to find Element By : By.xpath: //select[@id='userSelect']
Found Element By : By.xpath: //select[@id='userSelect']
Trying to find Element By : By.xpath: //select[@id='userSelect']
Found Element By : By.xpath: //select[@id='userSelect']
Trying to find Element By : By.xpath: .//option[normalize-space(.) = "Hermoine Granger"]
Found Element By : By.xpath: .//option[normalize-space(.) = "Hermoine Granger"]
Trying to click on: [[[[ChromeDriver: chrome on WINDOWS (0e0637dc6cbe165a34a4bfd51b9e381c)] -> xpath: //select[@id='userSelect']]] -> xpath: .//option[normalize-space(.) = "Hermoine Granger"]]
Clicked on: [[[[ChromeDriver: chrome on WINDOWS (0e0637dc6cbe165a34a4bfd51b9e381c)] -> xpath: //select[@id='userSelect']]] -> xpath: .//option[normalize-space(.) = "Hermoine Granger"]]
Trying to find Element By : By.xpath: //button[normalize-space()='Login']
Found Element By : By.xpath: //button[normalize-space()='Login']
Trying to click on: [[ChromeDriver: chrome on WINDOWS (0e0637dc6cbe165a34a4bfd51b9e381c)] -> xpath: //button[normalize-space()='Login']]
Clicked on: [[ChromeDriver: chrome on WINDOWS (0e0637dc6cbe165a34a4bfd51b9e381c)] -> xpath: //button[normalize-space()='Login']]
Trying to find Element By : By.xpath: //button[normalize-space()='Withdrawl']
Found Element By : By.xpath: //button[normalize-space()='Withdrawl']
Trying to click on: [[ChromeDriver: chrome on WINDOWS (0e0637dc6cbe165a34a4bfd51b9e381c)] -> xpath: //button[normalize-space()='Withdrawl']]
Clicked on: [[ChromeDriver: chrome on WINDOWS (0e0637dc6cbe165a34a4bfd51b9e381c)] -> xpath: //button[normalize-space()='Withdrawl']]
Trying to find Element By : By.xpath: //input[@placeholder='amount']
Found Element By : By.xpath: //input[@placeholder='amount']
Trying to find Element By : By.xpath: //input[@placeholder='amount']
Found Element By : By.xpath: //input[@placeholder='amount']
Trying to find Element By : By.xpath: //button[normalize-space()='Withdraw']
Found Element By : By.xpath: //button[normalize-space()='Withdraw']
Trying to click on: [[ChromeDriver: chrome on WINDOWS (0e0637dc6cbe165a34a4bfd51b9e381c)] -> xpath: //button[normalize-space()='Withdraw']]
Clicked on: [[ChromeDriver: chrome on WINDOWS (0e0637dc6cbe165a34a4bfd51b9e381c)] -> xpath: //button[normalize-space()='Withdraw']]
Trying to find Element By : By.xpath: //span[@class='error ng-binding']
Found Element By : By.xpath: //span[@class='error ng-binding']
Trying to find Element By : By.xpath: //button[normalize-space()='Withdrawl']
Found Element By : By.xpath: //button[normalize-space()='Withdrawl']
Trying to click on: [[ChromeDriver: chrome on WINDOWS (0e0637dc6cbe165a34a4bfd51b9e381c)] -> xpath: //button[normalize-space()='Withdrawl']]
Clicked on: [[ChromeDriver: chrome on WINDOWS (0e0637dc6cbe165a34a4bfd51b9e381c)] -> xpath: //button[normalize-space()='Withdrawl']]
Trying to find Element By : By.xpath: //input[@placeholder='amount']
Found Element By : By.xpath: //input[@placeholder='amount']
Trying to find Element By : By.xpath: //input[@placeholder='amount']
Found Element By : By.xpath: //input[@placeholder='amount']
Trying to find Element By : By.xpath: //button[normalize-space()='Withdraw']
Found Element By : By.xpath: //button[normalize-space()='Withdraw']
Trying to click on: [[ChromeDriver: chrome on WINDOWS (0e0637dc6cbe165a34a4bfd51b9e381c)] -> xpath: //button[normalize-space()='Withdraw']]
Clicked on: [[ChromeDriver: chrome on WINDOWS (0e0637dc6cbe165a34a4bfd51b9e381c)] -> xpath: //button[normalize-space()='Withdraw']]
Trying to find Element By : By.xpath: //span[@class='error ng-binding']
Found Element By : By.xpath: //span[@class='error ng-binding']
]]></system-out>
    <system-err><![CDATA[Starting ChromeDriver 122.0.6261.57 (87957e464700ccf3468df47ce741e0dc089e0544-refs/branch-heads/6261@{#853}) on port 19302
Only local connections are allowed.
Please see https://chromedriver.chromium.org/security-considerations for suggestions on keeping ChromeDriver safe.
ChromeDriver was started successfully.
Mar 06, 2024 8:48:46 PM org.openqa.selenium.remote.ProtocolHandshake createSession
INFO: Detected dialect: W3C
]]></system-err>
  </testcase>
  <testcase name="depositWithdrawAndVerifyTransactions" classname="com.xyz.qa.testcases.TransactionPageTest" time="4.877">
    <system-out><![CDATA[Before navigating to: 'https://www.globalsqa.com/angularJs-protractor/BankingProject/#/login'
Navigated to:'https://www.globalsqa.com/angularJs-protractor/BankingProject/#/login'
Trying to find Element By : By.xpath: //button[normalize-space()='Customer Login']
Found Element By : By.xpath: //button[normalize-space()='Customer Login']
Trying to click on: [[ChromeDriver: chrome on WINDOWS (55bdbeaf2c639da895abca2070e63519)] -> xpath: //button[normalize-space()='Customer Login']]
Clicked on: [[ChromeDriver: chrome on WINDOWS (55bdbeaf2c639da895abca2070e63519)] -> xpath: //button[normalize-space()='Customer Login']]
Trying to find Element By : By.xpath: //select[@id='userSelect']
Found Element By : By.xpath: //select[@id='userSelect']
Trying to find Element By : By.xpath: //select[@id='userSelect']
Found Element By : By.xpath: //select[@id='userSelect']
Trying to find Element By : By.xpath: //select[@id='userSelect']
Found Element By : By.xpath: //select[@id='userSelect']
Trying to find Element By : By.xpath: .//option[normalize-space(.) = "Hermoine Granger"]
Found Element By : By.xpath: .//option[normalize-space(.) = "Hermoine Granger"]
Trying to click on: [[[[ChromeDriver: chrome on WINDOWS (55bdbeaf2c639da895abca2070e63519)] -> xpath: //select[@id='userSelect']]] -> xpath: .//option[normalize-space(.) = "Hermoine Granger"]]
Clicked on: [[[[ChromeDriver: chrome on WINDOWS (55bdbeaf2c639da895abca2070e63519)] -> xpath: //select[@id='userSelect']]] -> xpath: .//option[normalize-space(.) = "Hermoine Granger"]]
Trying to find Element By : By.xpath: //button[normalize-space()='Login']
Found Element By : By.xpath: //button[normalize-space()='Login']
Trying to click on: [[ChromeDriver: chrome on WINDOWS (55bdbeaf2c639da895abca2070e63519)] -> xpath: //button[normalize-space()='Login']]
Clicked on: [[ChromeDriver: chrome on WINDOWS (55bdbeaf2c639da895abca2070e63519)] -> xpath: //button[normalize-space()='Login']]
Trying to find Element By : By.xpath: //button[normalize-space()='Transactions']
Found Element By : By.xpath: //button[normalize-space()='Transactions']
Trying to click on: [[ChromeDriver: chrome on WINDOWS (55bdbeaf2c639da895abca2070e63519)] -> xpath: //button[normalize-space()='Transactions']]
Clicked on: [[ChromeDriver: chrome on WINDOWS (55bdbeaf2c639da895abca2070e63519)] -> xpath: //button[normalize-space()='Transactions']]
Trying to find Element By : By.xpath: //input[@id='start']
Found Element By : By.xpath: //input[@id='start']
Trying to find Element By : By.xpath: //input[@id='end']
Found Element By : By.xpath: //input[@id='end']
]]></system-out>
    <system-err><![CDATA[Starting ChromeDriver 122.0.6261.57 (87957e464700ccf3468df47ce741e0dc089e0544-refs/branch-heads/6261@{#853}) on port 24956
Only local connections are allowed.
Please see https://chromedriver.chromium.org/security-considerations for suggestions on keeping ChromeDriver safe.
ChromeDriver was started successfully.
Mar 06, 2024 8:49:25 PM org.openqa.selenium.remote.ProtocolHandshake createSession
INFO: Detected dialect: W3C
]]></system-err>
  </testcase>
</testsuite>