<?xml version="1.0" encoding="UTF-8"?>
<!-- Generated by org.testng.reporters.JUnitReportReporter -->
<testsuite hostname="Mayank-PL" failures="0" tests="1" name="com.xyz.qa.testcases.TransactionPageTest" time="8.549" errors="0" timestamp="07 Mar 2024 18:08:31 GMT" skipped="0">
  <testcase classname="com.xyz.qa.testcases.TransactionPageTest" name="depositWithdrawAndVerifyTransactions" time="8.549"/>
</testsuite> <!-- com.xyz.qa.testcases.TransactionPageTest -->
