<?xml version="1.0" encoding="UTF-8"?>
<!-- Generated by org.testng.reporters.JUnitReportReporter -->
<testsuite hostname="Mayank-PL" failures="0" tests="3" name="com.xyz.qa.testcases.LoginPageTest" time="62.777" errors="0" timestamp="07 Mar 2024 18:08:31 GMT" skipped="0">
  <testcase classname="com.xyz.qa.testcases.LoginPageTest" name="customerLoginTest" time="9.907"/>
  <testcase classname="com.xyz.qa.testcases.LoginPageTest" name="loginPageTitleTest" time="5.053"/>
  <testcase classname="com.xyz.qa.testcases.LoginPageTest" name="loginTest" time="47.817"/>
</testsuite> <!-- com.xyz.qa.testcases.LoginPageTest -->
