<?xml version="1.0" encoding="UTF-8"?>
<!-- Generated by org.testng.reporters.JUnitReportReporter -->
<testsuite hostname="hplaptop" failures="0" tests="1" name="com.xyz.qa.testcases.DepositPageTest" time="75.286" errors="0" timestamp="06 Mar 2024 15:20:02 GMT" skipped="0">
  <testcase classname="com.xyz.qa.testcases.DepositPageTest" name="depositAmountAndVerifyTransaction" time="75.286"/>
</testsuite> <!-- com.xyz.qa.testcases.DepositPageTest -->
