<?xml version="1.0" encoding="UTF-8"?>
<!-- Generated by org.testng.reporters.JUnitReportReporter -->
<testsuite hostname="hplaptop" failures="0" tests="3" name="com.xyz.qa.testcases.LoginPageTest" time="126.791" errors="0" timestamp="06 Mar 2024 15:20:02 GMT" skipped="0">
  <testcase classname="com.xyz.qa.testcases.LoginPageTest" name="customerLoginTest" time="43.241"/>
  <testcase classname="com.xyz.qa.testcases.LoginPageTest" name="loginPageTitleTest" time="49.725"/>
  <testcase classname="com.xyz.qa.testcases.LoginPageTest" name="loginTest" time="33.825"/>
</testsuite> <!-- com.xyz.qa.testcases.LoginPageTest -->
