<?xml version="1.0" encoding="UTF-8"?>
<!-- Generated by org.testng.reporters.JUnitReportReporter -->
<testsuite hostname="hplaptop" failures="0" tests="1" name="com.xyz.qa.testcases.ManagerAddCustomerPageTest" time="38.193" errors="0" timestamp="06 Mar 2024 15:20:02 GMT" skipped="0">
  <testcase classname="com.xyz.qa.testcases.ManagerAddCustomerPageTest" name="verifyAddCustomerAlertMessage" time="38.193"/>
</testsuite> <!-- com.xyz.qa.testcases.ManagerAddCustomerPageTest -->
